[backblue.gif]
[fade.gif]
[index.html]
[ytmp3.cc/css/a/l.css]
[ytmp3.cc/css/loader.css]
[ytmp3.cc/images/l.png]
[cdn.jsdelivr.net/npm/clipboard@2.0.6/dist/clipboard.min.js]
[ytmp3.cc/images/ytmp3down.png]
[ytmp3.cc/images/ic_ad_tag_g.png]
[ytmp3.cc/images/ic_info_tag.png]
[ytmp3.cc/images/telegram.png]
[ytmp3.cc/images/down.png]
[ytmp3.cc/images/xxx.png]
[ytmp3.cc/images/cop.png]
[www.dropbox.com/static/api/2/dropins.js]
[cdnjs.cloudflare.com/ajax/libs/bodymovin/5.8.1/lottie.min.js]
[cdn.jsdelivr.net/npm/zepto@1.2.0/dist/zepto.min.js]
[ytmp3.cc/js/ytmp330f4.js]
[ytmp3.cc/js/inner3860.js]
[ytmp3.cc/uu100cc/index.html]
[ytmp3.cc/css/a/l.css]
[mc.yandex.ru/metrika/tag.js]
[ytmp3.cc/images/close.png]
[ytmp3.cc/images/download-app.png]
[ytmp3.cc/css/loader.css]
